<?xml version="1.0" encoding="UTF-8" standalone="no"?>
<testsuite errors="0" failures="0" name="io.cucumber.core.plugin.JUnitFormatter" skipped="0" tests="5" time="21.797">
    <testcase classname="Can calculate  addition,multiplication,division and subtraction correctly?" name="3 add 4 is 7" time="0.131">
        <system-out><![CDATA[Given a calculator..........................................................passed
When 3 and 4 are added......................................................passed
Then the result should be 7.................................................passed
]]></system-out>
    </testcase>
    <testcase classname="Can calculate  addition,multiplication,division and subtraction correctly?" name="4 subtract 3 is 1" time="0.002">
        <system-out><![CDATA[Given a calculator..........................................................passed
When 3 is subtracted from 4.................................................passed
Then the result should be 1.................................................passed
]]></system-out>
    </testcase>
    <testcase classname="Can calculate  addition,multiplication,division and subtraction correctly?" name="3 multiplied 4 is 12" time="0.019">
        <system-out><![CDATA[Given a calculator..........................................................passed
When 3 and 4 are multiplied.................................................passed
Then the result should be 12................................................passed
]]></system-out>
    </testcase>
    <testcase classname="Can calculate  addition,multiplication,division and subtraction correctly?" name="12 divided 3 is 4" time="0.009">
        <system-out><![CDATA[Given a calculator..........................................................passed
When 12 is divided by 3.....................................................passed
Then the result should be 4.................................................passed
]]></system-out>
    </testcase>
    <testcase classname="Test Google search page" name="Test searching cats in google page" time="21.034">
        <system-out><![CDATA[Given that I have gone to the Google page...................................passed
When I add cats to the search box...........................................passed
And click the Search icon...................................................passed
Then cats should be mentioned in the results................................passed
]]></system-out>
    </testcase>
</testsuite>
